[2022-02-04T07:46:36,508][INFO ][o.e.n.Node               ] [ip-10-0-2-153.ap-northeast-2.compute.internal] version[7.16.2], pid[21408], build[default/tar/2b937c44140b6559905130a8650c64dbd0879cfb/2021-12-18T19:42:46.604893745Z], OS[Linux/5.10.75-79.358.amzn2.x86_64/amd64], JVM[Eclipse Adoptium/OpenJDK 64-Bit Server VM/17.0.1/17.0.1+12]
[2022-02-04T07:46:36,513][INFO ][o.e.n.Node               ] [ip-10-0-2-153.ap-northeast-2.compute.internal] JVM home [/home/ec2-user/Elastic/es/jdk], using bundled JDK [true]
[2022-02-04T07:46:36,514][INFO ][o.e.n.Node               ] [ip-10-0-2-153.ap-northeast-2.compute.internal] JVM arguments [-Xshare:auto, -Des.networkaddress.cache.ttl=60, -Des.networkaddress.cache.negative.ttl=10, -XX:+AlwaysPreTouch, -Xss1m, -Djava.awt.headless=true, -Dfile.encoding=UTF-8, -Djna.nosys=true, -XX:-OmitStackTraceInFastThrow, -XX:+ShowCodeDetailsInExceptionMessages, -Dio.netty.noUnsafe=true, -Dio.netty.noKeySetOptimization=true, -Dio.netty.recycler.maxCapacityPerThread=0, -Dio.netty.allocator.numDirectArenas=0, -Dlog4j.shutdownHookEnabled=false, -Dlog4j2.disable.jmx=true, -Dlog4j2.formatMsgNoLookups=true, -Djava.locale.providers=SPI,COMPAT, --add-opens=java.base/java.io=ALL-UNNAMED, -XX:+UseG1GC, -Djava.io.tmpdir=/tmp/elasticsearch-8758803881838583492, -XX:+HeapDumpOnOutOfMemoryError, -XX:+ExitOnOutOfMemoryError, -XX:HeapDumpPath=data, -XX:ErrorFile=logs/hs_err_pid%p.log, -Xlog:gc*,gc+age=trace,safepoint:file=logs/gc.log:utctime,pid,tags:filecount=32,filesize=64m, -Xms3923m, -Xmx3923m, -XX:MaxDirectMemorySize=2057306112, -XX:G1HeapRegionSize=4m, -XX:InitiatingHeapOccupancyPercent=30, -XX:G1ReservePercent=15, -Des.path.home=/home/ec2-user/Elastic/es, -Des.path.conf=/home/ec2-user/Elastic/es/config, -Des.distribution.flavor=default, -Des.distribution.type=tar, -Des.bundled_jdk=true]
[2022-02-04T07:46:39,798][INFO ][o.e.p.PluginsService     ] [ip-10-0-2-153.ap-northeast-2.compute.internal] loaded module [aggs-matrix-stats]
[2022-02-04T07:46:39,798][INFO ][o.e.p.PluginsService     ] [ip-10-0-2-153.ap-northeast-2.compute.internal] loaded module [analysis-common]
[2022-02-04T07:46:39,799][INFO ][o.e.p.PluginsService     ] [ip-10-0-2-153.ap-northeast-2.compute.internal] loaded module [constant-keyword]
[2022-02-04T07:46:39,800][INFO ][o.e.p.PluginsService     ] [ip-10-0-2-153.ap-northeast-2.compute.internal] loaded module [frozen-indices]
[2022-02-04T07:46:39,801][INFO ][o.e.p.PluginsService     ] [ip-10-0-2-153.ap-northeast-2.compute.internal] loaded module [ingest-common]
[2022-02-04T07:46:39,802][INFO ][o.e.p.PluginsService     ] [ip-10-0-2-153.ap-northeast-2.compute.internal] loaded module [ingest-geoip]
[2022-02-04T07:46:39,802][INFO ][o.e.p.PluginsService     ] [ip-10-0-2-153.ap-northeast-2.compute.internal] loaded module [ingest-user-agent]
[2022-02-04T07:46:39,802][INFO ][o.e.p.PluginsService     ] [ip-10-0-2-153.ap-northeast-2.compute.internal] loaded module [kibana]
[2022-02-04T07:46:39,803][INFO ][o.e.p.PluginsService     ] [ip-10-0-2-153.ap-northeast-2.compute.internal] loaded module [lang-expression]
[2022-02-04T07:46:39,804][INFO ][o.e.p.PluginsService     ] [ip-10-0-2-153.ap-northeast-2.compute.internal] loaded module [lang-mustache]
[2022-02-04T07:46:39,804][INFO ][o.e.p.PluginsService     ] [ip-10-0-2-153.ap-northeast-2.compute.internal] loaded module [lang-painless]
[2022-02-04T07:46:39,805][INFO ][o.e.p.PluginsService     ] [ip-10-0-2-153.ap-northeast-2.compute.internal] loaded module [legacy-geo]
[2022-02-04T07:46:39,806][INFO ][o.e.p.PluginsService     ] [ip-10-0-2-153.ap-northeast-2.compute.internal] loaded module [mapper-extras]
[2022-02-04T07:46:39,806][INFO ][o.e.p.PluginsService     ] [ip-10-0-2-153.ap-northeast-2.compute.internal] loaded module [mapper-version]
[2022-02-04T07:46:39,806][INFO ][o.e.p.PluginsService     ] [ip-10-0-2-153.ap-northeast-2.compute.internal] loaded module [parent-join]
[2022-02-04T07:46:39,807][INFO ][o.e.p.PluginsService     ] [ip-10-0-2-153.ap-northeast-2.compute.internal] loaded module [percolator]
[2022-02-04T07:46:39,807][INFO ][o.e.p.PluginsService     ] [ip-10-0-2-153.ap-northeast-2.compute.internal] loaded module [rank-eval]
[2022-02-04T07:46:39,808][INFO ][o.e.p.PluginsService     ] [ip-10-0-2-153.ap-northeast-2.compute.internal] loaded module [reindex]
[2022-02-04T07:46:39,808][INFO ][o.e.p.PluginsService     ] [ip-10-0-2-153.ap-northeast-2.compute.internal] loaded module [repositories-metering-api]
[2022-02-04T07:46:39,810][INFO ][o.e.p.PluginsService     ] [ip-10-0-2-153.ap-northeast-2.compute.internal] loaded module [repository-encrypted]
[2022-02-04T07:46:39,810][INFO ][o.e.p.PluginsService     ] [ip-10-0-2-153.ap-northeast-2.compute.internal] loaded module [repository-url]
[2022-02-04T07:46:39,811][INFO ][o.e.p.PluginsService     ] [ip-10-0-2-153.ap-northeast-2.compute.internal] loaded module [runtime-fields-common]
[2022-02-04T07:46:39,811][INFO ][o.e.p.PluginsService     ] [ip-10-0-2-153.ap-northeast-2.compute.internal] loaded module [search-business-rules]
[2022-02-04T07:46:39,811][INFO ][o.e.p.PluginsService     ] [ip-10-0-2-153.ap-northeast-2.compute.internal] loaded module [searchable-snapshots]
[2022-02-04T07:46:39,812][INFO ][o.e.p.PluginsService     ] [ip-10-0-2-153.ap-northeast-2.compute.internal] loaded module [snapshot-repo-test-kit]
[2022-02-04T07:46:39,812][INFO ][o.e.p.PluginsService     ] [ip-10-0-2-153.ap-northeast-2.compute.internal] loaded module [spatial]
[2022-02-04T07:46:39,813][INFO ][o.e.p.PluginsService     ] [ip-10-0-2-153.ap-northeast-2.compute.internal] loaded module [transform]
[2022-02-04T07:46:39,813][INFO ][o.e.p.PluginsService     ] [ip-10-0-2-153.ap-northeast-2.compute.internal] loaded module [transport-netty4]
[2022-02-04T07:46:39,813][INFO ][o.e.p.PluginsService     ] [ip-10-0-2-153.ap-northeast-2.compute.internal] loaded module [unsigned-long]
[2022-02-04T07:46:39,814][INFO ][o.e.p.PluginsService     ] [ip-10-0-2-153.ap-northeast-2.compute.internal] loaded module [vector-tile]
[2022-02-04T07:46:39,814][INFO ][o.e.p.PluginsService     ] [ip-10-0-2-153.ap-northeast-2.compute.internal] loaded module [vectors]
[2022-02-04T07:46:39,815][INFO ][o.e.p.PluginsService     ] [ip-10-0-2-153.ap-northeast-2.compute.internal] loaded module [wildcard]
[2022-02-04T07:46:39,815][INFO ][o.e.p.PluginsService     ] [ip-10-0-2-153.ap-northeast-2.compute.internal] loaded module [x-pack-aggregate-metric]
[2022-02-04T07:46:39,815][INFO ][o.e.p.PluginsService     ] [ip-10-0-2-153.ap-northeast-2.compute.internal] loaded module [x-pack-analytics]
[2022-02-04T07:46:39,816][INFO ][o.e.p.PluginsService     ] [ip-10-0-2-153.ap-northeast-2.compute.internal] loaded module [x-pack-async]
[2022-02-04T07:46:39,817][INFO ][o.e.p.PluginsService     ] [ip-10-0-2-153.ap-northeast-2.compute.internal] loaded module [x-pack-async-search]
[2022-02-04T07:46:39,820][INFO ][o.e.p.PluginsService     ] [ip-10-0-2-153.ap-northeast-2.compute.internal] loaded module [x-pack-autoscaling]
[2022-02-04T07:46:39,821][INFO ][o.e.p.PluginsService     ] [ip-10-0-2-153.ap-northeast-2.compute.internal] loaded module [x-pack-ccr]
[2022-02-04T07:46:39,822][INFO ][o.e.p.PluginsService     ] [ip-10-0-2-153.ap-northeast-2.compute.internal] loaded module [x-pack-core]
[2022-02-04T07:46:39,822][INFO ][o.e.p.PluginsService     ] [ip-10-0-2-153.ap-northeast-2.compute.internal] loaded module [x-pack-data-streams]
[2022-02-04T07:46:39,823][INFO ][o.e.p.PluginsService     ] [ip-10-0-2-153.ap-northeast-2.compute.internal] loaded module [x-pack-deprecation]
[2022-02-04T07:46:39,823][INFO ][o.e.p.PluginsService     ] [ip-10-0-2-153.ap-northeast-2.compute.internal] loaded module [x-pack-enrich]
[2022-02-04T07:46:39,824][INFO ][o.e.p.PluginsService     ] [ip-10-0-2-153.ap-northeast-2.compute.internal] loaded module [x-pack-eql]
[2022-02-04T07:46:39,824][INFO ][o.e.p.PluginsService     ] [ip-10-0-2-153.ap-northeast-2.compute.internal] loaded module [x-pack-fleet]
[2022-02-04T07:46:39,824][INFO ][o.e.p.PluginsService     ] [ip-10-0-2-153.ap-northeast-2.compute.internal] loaded module [x-pack-graph]
[2022-02-04T07:46:39,825][INFO ][o.e.p.PluginsService     ] [ip-10-0-2-153.ap-northeast-2.compute.internal] loaded module [x-pack-identity-provider]
[2022-02-04T07:46:39,825][INFO ][o.e.p.PluginsService     ] [ip-10-0-2-153.ap-northeast-2.compute.internal] loaded module [x-pack-ilm]
[2022-02-04T07:46:39,825][INFO ][o.e.p.PluginsService     ] [ip-10-0-2-153.ap-northeast-2.compute.internal] loaded module [x-pack-logstash]
[2022-02-04T07:46:39,825][INFO ][o.e.p.PluginsService     ] [ip-10-0-2-153.ap-northeast-2.compute.internal] loaded module [x-pack-ml]
[2022-02-04T07:46:39,826][INFO ][o.e.p.PluginsService     ] [ip-10-0-2-153.ap-northeast-2.compute.internal] loaded module [x-pack-monitoring]
[2022-02-04T07:46:39,826][INFO ][o.e.p.PluginsService     ] [ip-10-0-2-153.ap-northeast-2.compute.internal] loaded module [x-pack-ql]
[2022-02-04T07:46:39,826][INFO ][o.e.p.PluginsService     ] [ip-10-0-2-153.ap-northeast-2.compute.internal] loaded module [x-pack-rollup]
[2022-02-04T07:46:39,826][INFO ][o.e.p.PluginsService     ] [ip-10-0-2-153.ap-northeast-2.compute.internal] loaded module [x-pack-security]
[2022-02-04T07:46:39,827][INFO ][o.e.p.PluginsService     ] [ip-10-0-2-153.ap-northeast-2.compute.internal] loaded module [x-pack-shutdown]
[2022-02-04T07:46:39,827][INFO ][o.e.p.PluginsService     ] [ip-10-0-2-153.ap-northeast-2.compute.internal] loaded module [x-pack-sql]
[2022-02-04T07:46:39,827][INFO ][o.e.p.PluginsService     ] [ip-10-0-2-153.ap-northeast-2.compute.internal] loaded module [x-pack-stack]
[2022-02-04T07:46:39,827][INFO ][o.e.p.PluginsService     ] [ip-10-0-2-153.ap-northeast-2.compute.internal] loaded module [x-pack-text-structure]
[2022-02-04T07:46:39,828][INFO ][o.e.p.PluginsService     ] [ip-10-0-2-153.ap-northeast-2.compute.internal] loaded module [x-pack-voting-only-node]
[2022-02-04T07:46:39,828][INFO ][o.e.p.PluginsService     ] [ip-10-0-2-153.ap-northeast-2.compute.internal] loaded module [x-pack-watcher]
[2022-02-04T07:46:39,828][INFO ][o.e.p.PluginsService     ] [ip-10-0-2-153.ap-northeast-2.compute.internal] loaded plugin [jaso-analyzer]
[2022-02-04T07:46:39,888][INFO ][o.e.e.NodeEnvironment    ] [ip-10-0-2-153.ap-northeast-2.compute.internal] using [1] data paths, mounts [[/ (/dev/nvme0n1p1)]], net usable_space [14.3gb], net total_space [19.9gb], types [xfs]
[2022-02-04T07:46:39,890][INFO ][o.e.e.NodeEnvironment    ] [ip-10-0-2-153.ap-northeast-2.compute.internal] heap size [3.8gb], compressed ordinary object pointers [true]
[2022-02-04T07:46:39,921][INFO ][o.e.n.Node               ] [ip-10-0-2-153.ap-northeast-2.compute.internal] node name [ip-10-0-2-153.ap-northeast-2.compute.internal], node ID [hFfMkQLvQkugzwC2vLmMlw], cluster name [elasticsearch], roles [transform, data_frozen, master, remote_cluster_client, data, ml, data_content, data_hot, data_warm, data_cold, ingest]
[2022-02-04T07:46:46,987][INFO ][o.e.x.m.p.l.CppLogMessageHandler] [ip-10-0-2-153.ap-northeast-2.compute.internal] [controller/21607] [Main.cc@122] controller (64 bit): Version 7.16.2 (Build 77e5cf03d1077d) Copyright (c) 2021 Elasticsearch BV
[2022-02-04T07:46:47,985][INFO ][o.e.x.s.a.s.FileRolesStore] [ip-10-0-2-153.ap-northeast-2.compute.internal] parsed [0] roles from file [/home/ec2-user/Elastic/es/config/roles.yml]
[2022-02-04T07:46:48,851][INFO ][o.e.i.g.ConfigDatabases  ] [ip-10-0-2-153.ap-northeast-2.compute.internal] initialized default databases [[GeoLite2-Country.mmdb, GeoLite2-City.mmdb, GeoLite2-ASN.mmdb]], config databases [[]] and watching [/home/ec2-user/Elastic/es/config/ingest-geoip] for changes
[2022-02-04T07:46:48,853][INFO ][o.e.i.g.DatabaseNodeService] [ip-10-0-2-153.ap-northeast-2.compute.internal] initialized database registry, using geoip-databases directory [/tmp/elasticsearch-8758803881838583492/geoip-databases/hFfMkQLvQkugzwC2vLmMlw]
[2022-02-04T07:46:49,674][INFO ][o.e.t.NettyAllocator     ] [ip-10-0-2-153.ap-northeast-2.compute.internal] creating NettyAllocator with the following configs: [name=elasticsearch_configured, chunk_size=1mb, suggested_max_allocation_size=1mb, factors={es.unsafe.use_netty_default_chunk_and_page_size=false, g1gc_enabled=true, g1gc_region_size=4mb}]
[2022-02-04T07:46:49,774][INFO ][o.e.d.DiscoveryModule    ] [ip-10-0-2-153.ap-northeast-2.compute.internal] using discovery type [zen] and seed hosts providers [settings]
[2022-02-04T07:46:50,473][INFO ][o.e.g.DanglingIndicesState] [ip-10-0-2-153.ap-northeast-2.compute.internal] gateway.auto_import_dangling_indices is disabled, dangling indices will not be automatically detected or imported and must be managed manually
[2022-02-04T07:46:51,198][INFO ][o.e.n.Node               ] [ip-10-0-2-153.ap-northeast-2.compute.internal] initialized
[2022-02-04T07:46:51,199][INFO ][o.e.n.Node               ] [ip-10-0-2-153.ap-northeast-2.compute.internal] starting ...
[2022-02-04T07:46:51,211][INFO ][o.e.x.s.c.f.PersistentCache] [ip-10-0-2-153.ap-northeast-2.compute.internal] persistent cache index loaded
[2022-02-04T07:46:51,212][INFO ][o.e.x.d.l.DeprecationIndexingComponent] [ip-10-0-2-153.ap-northeast-2.compute.internal] deprecation component started
[2022-02-04T07:46:51,329][INFO ][o.e.t.TransportService   ] [ip-10-0-2-153.ap-northeast-2.compute.internal] publish_address {127.0.0.1:9300}, bound_addresses {[::1]:9300}, {127.0.0.1:9300}
[2022-02-04T07:46:51,500][WARN ][o.e.b.BootstrapChecks    ] [ip-10-0-2-153.ap-northeast-2.compute.internal] the default discovery settings are unsuitable for production use; at least one of [discovery.seed_hosts, discovery.seed_providers, cluster.initial_master_nodes] must be configured
[2022-02-04T07:46:51,546][INFO ][o.e.c.c.ClusterBootstrapService] [ip-10-0-2-153.ap-northeast-2.compute.internal] no discovery configuration found, will perform best-effort cluster bootstrapping after [3s] unless existing master is discovered
[2022-02-04T07:46:54,553][INFO ][o.e.c.c.Coordinator      ] [ip-10-0-2-153.ap-northeast-2.compute.internal] setting initial configuration to VotingConfiguration{hFfMkQLvQkugzwC2vLmMlw}
[2022-02-04T07:46:54,675][INFO ][o.e.c.s.MasterService    ] [ip-10-0-2-153.ap-northeast-2.compute.internal] elected-as-master ([1] nodes joined)[{ip-10-0-2-153.ap-northeast-2.compute.internal}{hFfMkQLvQkugzwC2vLmMlw}{tZraMXsYRN-mFzo8VYTiwg}{127.0.0.1}{127.0.0.1:9300}{cdfhilmrstw} elect leader, _BECOME_MASTER_TASK_, _FINISH_ELECTION_], term: 1, version: 1, delta: master node changed {previous [], current [{ip-10-0-2-153.ap-northeast-2.compute.internal}{hFfMkQLvQkugzwC2vLmMlw}{tZraMXsYRN-mFzo8VYTiwg}{127.0.0.1}{127.0.0.1:9300}{cdfhilmrstw}]}
[2022-02-04T07:46:54,718][INFO ][o.e.c.c.CoordinationState] [ip-10-0-2-153.ap-northeast-2.compute.internal] cluster UUID set to [ry7Wl0grSfyf_GR69hVvIw]
[2022-02-04T07:46:54,739][INFO ][o.e.c.s.ClusterApplierService] [ip-10-0-2-153.ap-northeast-2.compute.internal] master node changed {previous [], current [{ip-10-0-2-153.ap-northeast-2.compute.internal}{hFfMkQLvQkugzwC2vLmMlw}{tZraMXsYRN-mFzo8VYTiwg}{127.0.0.1}{127.0.0.1:9300}{cdfhilmrstw}]}, term: 1, version: 1, reason: Publication{term=1, version=1}
[2022-02-04T07:46:54,814][INFO ][o.e.h.AbstractHttpServerTransport] [ip-10-0-2-153.ap-northeast-2.compute.internal] publish_address {127.0.0.1:9200}, bound_addresses {[::1]:9200}, {127.0.0.1:9200}
[2022-02-04T07:46:54,816][INFO ][o.e.n.Node               ] [ip-10-0-2-153.ap-northeast-2.compute.internal] started
[2022-02-04T07:46:55,046][INFO ][o.e.g.GatewayService     ] [ip-10-0-2-153.ap-northeast-2.compute.internal] recovered [0] indices into cluster_state
[2022-02-04T07:46:55,391][INFO ][o.e.c.m.MetadataIndexTemplateService] [ip-10-0-2-153.ap-northeast-2.compute.internal] adding index template [.ml-notifications-000002] for index patterns [.ml-notifications-000002]
[2022-02-04T07:46:55,458][INFO ][o.e.c.m.MetadataIndexTemplateService] [ip-10-0-2-153.ap-northeast-2.compute.internal] adding index template [.ml-state] for index patterns [.ml-state*]
[2022-02-04T07:46:55,545][INFO ][o.e.c.m.MetadataIndexTemplateService] [ip-10-0-2-153.ap-northeast-2.compute.internal] adding index template [.ml-anomalies-] for index patterns [.ml-anomalies-*]
[2022-02-04T07:46:55,600][INFO ][o.e.c.m.MetadataIndexTemplateService] [ip-10-0-2-153.ap-northeast-2.compute.internal] adding index template [.ml-stats] for index patterns [.ml-stats-*]
[2022-02-04T07:46:55,657][INFO ][o.e.c.m.MetadataIndexTemplateService] [ip-10-0-2-153.ap-northeast-2.compute.internal] adding component template [data-streams-mappings]
[2022-02-04T07:46:55,700][INFO ][o.e.c.m.MetadataIndexTemplateService] [ip-10-0-2-153.ap-northeast-2.compute.internal] adding component template [logs-mappings]
[2022-02-04T07:46:55,745][INFO ][o.e.c.m.MetadataIndexTemplateService] [ip-10-0-2-153.ap-northeast-2.compute.internal] adding component template [logs-settings]
[2022-02-04T07:46:55,790][INFO ][o.e.c.m.MetadataIndexTemplateService] [ip-10-0-2-153.ap-northeast-2.compute.internal] adding component template [metrics-mappings]
[2022-02-04T07:46:55,840][INFO ][o.e.c.m.MetadataIndexTemplateService] [ip-10-0-2-153.ap-northeast-2.compute.internal] adding component template [metrics-settings]
[2022-02-04T07:46:55,887][INFO ][o.e.c.m.MetadataIndexTemplateService] [ip-10-0-2-153.ap-northeast-2.compute.internal] adding component template [synthetics-settings]
[2022-02-04T07:46:55,934][INFO ][o.e.c.m.MetadataIndexTemplateService] [ip-10-0-2-153.ap-northeast-2.compute.internal] adding component template [synthetics-mappings]
[2022-02-04T07:46:56,028][INFO ][o.e.c.m.MetadataIndexTemplateService] [ip-10-0-2-153.ap-northeast-2.compute.internal] adding index template [.watch-history-13] for index patterns [.watcher-history-13*]
[2022-02-04T07:46:56,076][INFO ][o.e.c.m.MetadataIndexTemplateService] [ip-10-0-2-153.ap-northeast-2.compute.internal] adding index template [ilm-history] for index patterns [ilm-history-5*]
[2022-02-04T07:46:56,123][INFO ][o.e.c.m.MetadataIndexTemplateService] [ip-10-0-2-153.ap-northeast-2.compute.internal] adding index template [.slm-history] for index patterns [.slm-history-5*]
[2022-02-04T07:46:56,162][INFO ][o.e.c.m.MetadataIndexTemplateService] [ip-10-0-2-153.ap-northeast-2.compute.internal] adding component template [.deprecation-indexing-mappings]
[2022-02-04T07:46:56,195][INFO ][o.e.c.m.MetadataIndexTemplateService] [ip-10-0-2-153.ap-northeast-2.compute.internal] adding component template [.deprecation-indexing-settings]
[2022-02-04T07:46:56,246][INFO ][o.e.c.m.MetadataIndexTemplateService] [ip-10-0-2-153.ap-northeast-2.compute.internal] adding template [.monitoring-alerts-7] for index patterns [.monitoring-alerts-7]
[2022-02-04T07:46:56,314][INFO ][o.e.c.m.MetadataIndexTemplateService] [ip-10-0-2-153.ap-northeast-2.compute.internal] adding template [.monitoring-es] for index patterns [.monitoring-es-7-*]
[2022-02-04T07:46:56,368][INFO ][o.e.c.m.MetadataIndexTemplateService] [ip-10-0-2-153.ap-northeast-2.compute.internal] adding template [.monitoring-kibana] for index patterns [.monitoring-kibana-7-*]
[2022-02-04T07:46:56,419][INFO ][o.e.c.m.MetadataIndexTemplateService] [ip-10-0-2-153.ap-northeast-2.compute.internal] adding template [.monitoring-logstash] for index patterns [.monitoring-logstash-7-*]
[2022-02-04T07:46:56,473][INFO ][o.e.c.m.MetadataIndexTemplateService] [ip-10-0-2-153.ap-northeast-2.compute.internal] adding template [.monitoring-beats] for index patterns [.monitoring-beats-7-*]
[2022-02-04T07:46:56,523][INFO ][o.e.c.m.MetadataIndexTemplateService] [ip-10-0-2-153.ap-northeast-2.compute.internal] adding index template [logs] for index patterns [logs-*-*]
[2022-02-04T07:46:56,575][INFO ][o.e.c.m.MetadataIndexTemplateService] [ip-10-0-2-153.ap-northeast-2.compute.internal] adding index template [metrics] for index patterns [metrics-*-*]
[2022-02-04T07:46:56,625][INFO ][o.e.c.m.MetadataIndexTemplateService] [ip-10-0-2-153.ap-northeast-2.compute.internal] adding index template [synthetics] for index patterns [synthetics-*-*]
[2022-02-04T07:46:56,671][INFO ][o.e.c.m.MetadataIndexTemplateService] [ip-10-0-2-153.ap-northeast-2.compute.internal] adding index template [.deprecation-indexing-template] for index patterns [.logs-deprecation.*]
[2022-02-04T07:46:56,711][INFO ][o.e.x.i.a.TransportPutLifecycleAction] [ip-10-0-2-153.ap-northeast-2.compute.internal] adding index lifecycle policy [ml-size-based-ilm-policy]
[2022-02-04T07:46:56,764][INFO ][o.e.x.i.a.TransportPutLifecycleAction] [ip-10-0-2-153.ap-northeast-2.compute.internal] adding index lifecycle policy [metrics]
[2022-02-04T07:46:56,805][INFO ][o.e.x.i.a.TransportPutLifecycleAction] [ip-10-0-2-153.ap-northeast-2.compute.internal] adding index lifecycle policy [synthetics]
[2022-02-04T07:46:56,851][INFO ][o.e.x.i.a.TransportPutLifecycleAction] [ip-10-0-2-153.ap-northeast-2.compute.internal] adding index lifecycle policy [30-days-default]
[2022-02-04T07:46:56,904][INFO ][o.e.x.i.a.TransportPutLifecycleAction] [ip-10-0-2-153.ap-northeast-2.compute.internal] adding index lifecycle policy [7-days-default]
[2022-02-04T07:46:56,943][INFO ][o.e.x.i.a.TransportPutLifecycleAction] [ip-10-0-2-153.ap-northeast-2.compute.internal] adding index lifecycle policy [logs]
[2022-02-04T07:46:56,982][INFO ][o.e.x.i.a.TransportPutLifecycleAction] [ip-10-0-2-153.ap-northeast-2.compute.internal] adding index lifecycle policy [90-days-default]
[2022-02-04T07:46:57,023][INFO ][o.e.x.i.a.TransportPutLifecycleAction] [ip-10-0-2-153.ap-northeast-2.compute.internal] adding index lifecycle policy [180-days-default]
[2022-02-04T07:46:57,063][INFO ][o.e.x.i.a.TransportPutLifecycleAction] [ip-10-0-2-153.ap-northeast-2.compute.internal] adding index lifecycle policy [365-days-default]
[2022-02-04T07:46:57,114][INFO ][o.e.x.i.a.TransportPutLifecycleAction] [ip-10-0-2-153.ap-northeast-2.compute.internal] adding index lifecycle policy [watch-history-ilm-policy]
[2022-02-04T07:46:57,149][INFO ][o.e.x.i.a.TransportPutLifecycleAction] [ip-10-0-2-153.ap-northeast-2.compute.internal] adding index lifecycle policy [ilm-history-ilm-policy]
[2022-02-04T07:46:57,183][INFO ][o.e.x.i.a.TransportPutLifecycleAction] [ip-10-0-2-153.ap-northeast-2.compute.internal] adding index lifecycle policy [slm-history-ilm-policy]
[2022-02-04T07:46:57,219][INFO ][o.e.x.i.a.TransportPutLifecycleAction] [ip-10-0-2-153.ap-northeast-2.compute.internal] adding index lifecycle policy [.deprecation-indexing-ilm-policy]
[2022-02-04T07:46:57,252][INFO ][o.e.x.i.a.TransportPutLifecycleAction] [ip-10-0-2-153.ap-northeast-2.compute.internal] adding index lifecycle policy [.fleet-actions-results-ilm-policy]
[2022-02-04T07:46:57,329][INFO ][o.e.i.g.GeoIpDownloader  ] [ip-10-0-2-153.ap-northeast-2.compute.internal] updating geoip databases
[2022-02-04T07:46:57,329][INFO ][o.e.i.g.GeoIpDownloader  ] [ip-10-0-2-153.ap-northeast-2.compute.internal] fetching geoip databases overview from [https://geoip.elastic.co/v1/database?elastic_geoip_service_tos=agree]
[2022-02-04T07:46:57,440][INFO ][o.e.l.LicenseService     ] [ip-10-0-2-153.ap-northeast-2.compute.internal] license [b3194ed8-cf5d-4e13-9f02-a919c17cb0d3] mode [basic] - valid
[2022-02-04T07:46:57,442][INFO ][o.e.x.s.s.SecurityStatusChangeListener] [ip-10-0-2-153.ap-northeast-2.compute.internal] Active license is now [BASIC]; Security is disabled
[2022-02-04T07:46:57,443][WARN ][o.e.x.s.s.SecurityStatusChangeListener] [ip-10-0-2-153.ap-northeast-2.compute.internal] Elasticsearch built-in security features are not enabled. Without authentication, your cluster could be accessible to anyone. See https://www.elastic.co/guide/en/elasticsearch/reference/7.16/security-minimal-setup.html to enable security.
[2022-02-04T07:46:58,206][INFO ][o.e.i.g.GeoIpDownloader  ] [ip-10-0-2-153.ap-northeast-2.compute.internal] updating geoip database [GeoLite2-ASN.mmdb]
[2022-02-04T07:46:58,890][INFO ][o.e.c.m.MetadataCreateIndexService] [ip-10-0-2-153.ap-northeast-2.compute.internal] [.ds-.logs-deprecation.elasticsearch-default-2022.02.04-000001] creating index, cause [initialize_data_stream], templates [.deprecation-indexing-template], shards [1]/[1]
[2022-02-04T07:46:58,918][INFO ][o.e.c.r.a.AllocationService] [ip-10-0-2-153.ap-northeast-2.compute.internal] updating number_of_replicas to [0] for indices [.ds-.logs-deprecation.elasticsearch-default-2022.02.04-000001]
[2022-02-04T07:46:58,952][INFO ][o.e.c.m.MetadataCreateDataStreamService] [ip-10-0-2-153.ap-northeast-2.compute.internal] adding data stream [.logs-deprecation.elasticsearch-default] with write index [.ds-.logs-deprecation.elasticsearch-default-2022.02.04-000001], backing indices [], and aliases []
[2022-02-04T07:46:59,077][INFO ][o.e.c.m.MetadataCreateIndexService] [ip-10-0-2-153.ap-northeast-2.compute.internal] [.geoip_databases] creating index, cause [auto(bulk api)], templates [], shards [1]/[0]
[2022-02-04T07:46:59,174][INFO ][o.e.x.i.IndexLifecycleTransition] [ip-10-0-2-153.ap-northeast-2.compute.internal] moving index [.ds-.logs-deprecation.elasticsearch-default-2022.02.04-000001] from [null] to [{"phase":"new","action":"complete","name":"complete"}] in policy [.deprecation-indexing-ilm-policy]
[2022-02-04T07:46:59,237][INFO ][o.e.c.r.a.AllocationService] [ip-10-0-2-153.ap-northeast-2.compute.internal] Cluster health status changed from [YELLOW] to [GREEN] (reason: [shards started [[.ds-.logs-deprecation.elasticsearch-default-2022.02.04-000001][0], [.geoip_databases][0]]]).
[2022-02-04T07:46:59,298][INFO ][o.e.x.i.IndexLifecycleTransition] [ip-10-0-2-153.ap-northeast-2.compute.internal] moving index [.ds-.logs-deprecation.elasticsearch-default-2022.02.04-000001] from [{"phase":"new","action":"complete","name":"complete"}] to [{"phase":"hot","action":"unfollow","name":"branch-check-unfollow-prerequisites"}] in policy [.deprecation-indexing-ilm-policy]
[2022-02-04T07:46:59,347][INFO ][o.e.x.i.IndexLifecycleTransition] [ip-10-0-2-153.ap-northeast-2.compute.internal] moving index [.ds-.logs-deprecation.elasticsearch-default-2022.02.04-000001] from [{"phase":"hot","action":"unfollow","name":"branch-check-unfollow-prerequisites"}] to [{"phase":"hot","action":"rollover","name":"check-rollover-ready"}] in policy [.deprecation-indexing-ilm-policy]
[2022-02-04T07:46:59,395][INFO ][o.e.c.m.MetadataMappingService] [ip-10-0-2-153.ap-northeast-2.compute.internal] [.ds-.logs-deprecation.elasticsearch-default-2022.02.04-000001/vpVDTDYtSe-qv7KKiQ4AGQ] update_mapping [_doc]
[2022-02-04T07:47:00,027][INFO ][o.e.i.g.DatabaseNodeService] [ip-10-0-2-153.ap-northeast-2.compute.internal] downloading geoip database [GeoLite2-ASN.mmdb] to [/tmp/elasticsearch-8758803881838583492/geoip-databases/hFfMkQLvQkugzwC2vLmMlw/GeoLite2-ASN.mmdb.tmp.gz]
[2022-02-04T07:47:00,050][INFO ][o.e.i.g.GeoIpDownloader  ] [ip-10-0-2-153.ap-northeast-2.compute.internal] updated geoip database [GeoLite2-ASN.mmdb]
[2022-02-04T07:47:00,076][INFO ][o.e.i.g.GeoIpDownloader  ] [ip-10-0-2-153.ap-northeast-2.compute.internal] updating geoip database [GeoLite2-City.mmdb]
[2022-02-04T07:47:00,340][INFO ][o.e.i.g.DatabaseNodeService] [ip-10-0-2-153.ap-northeast-2.compute.internal] successfully reloaded changed geoip database file [/tmp/elasticsearch-8758803881838583492/geoip-databases/hFfMkQLvQkugzwC2vLmMlw/GeoLite2-ASN.mmdb]
[2022-02-04T07:47:02,699][INFO ][o.e.i.g.DatabaseNodeService] [ip-10-0-2-153.ap-northeast-2.compute.internal] downloading geoip database [GeoLite2-City.mmdb] to [/tmp/elasticsearch-8758803881838583492/geoip-databases/hFfMkQLvQkugzwC2vLmMlw/GeoLite2-City.mmdb.tmp.gz]
[2022-02-04T07:47:02,725][INFO ][o.e.i.g.GeoIpDownloader  ] [ip-10-0-2-153.ap-northeast-2.compute.internal] updated geoip database [GeoLite2-City.mmdb]
[2022-02-04T07:47:02,727][INFO ][o.e.i.g.GeoIpDownloader  ] [ip-10-0-2-153.ap-northeast-2.compute.internal] updating geoip database [GeoLite2-Country.mmdb]
[2022-02-04T07:47:03,380][INFO ][o.e.i.g.DatabaseNodeService] [ip-10-0-2-153.ap-northeast-2.compute.internal] downloading geoip database [GeoLite2-Country.mmdb] to [/tmp/elasticsearch-8758803881838583492/geoip-databases/hFfMkQLvQkugzwC2vLmMlw/GeoLite2-Country.mmdb.tmp.gz]
[2022-02-04T07:47:03,427][INFO ][o.e.i.g.GeoIpDownloader  ] [ip-10-0-2-153.ap-northeast-2.compute.internal] updated geoip database [GeoLite2-Country.mmdb]
[2022-02-04T07:47:03,601][INFO ][o.e.i.g.DatabaseNodeService] [ip-10-0-2-153.ap-northeast-2.compute.internal] successfully reloaded changed geoip database file [/tmp/elasticsearch-8758803881838583492/geoip-databases/hFfMkQLvQkugzwC2vLmMlw/GeoLite2-Country.mmdb]
[2022-02-04T07:47:03,852][INFO ][o.e.c.m.MetadataCreateIndexService] [ip-10-0-2-153.ap-northeast-2.compute.internal] [.ds-ilm-history-5-2022.02.04-000001] creating index, cause [initialize_data_stream], templates [ilm-history], shards [1]/[0]
[2022-02-04T07:47:03,876][INFO ][o.e.c.m.MetadataCreateDataStreamService] [ip-10-0-2-153.ap-northeast-2.compute.internal] adding data stream [ilm-history-5] with write index [.ds-ilm-history-5-2022.02.04-000001], backing indices [], and aliases []
[2022-02-04T07:47:03,966][INFO ][o.e.x.i.IndexLifecycleTransition] [ip-10-0-2-153.ap-northeast-2.compute.internal] moving index [.ds-ilm-history-5-2022.02.04-000001] from [null] to [{"phase":"new","action":"complete","name":"complete"}] in policy [ilm-history-ilm-policy]
[2022-02-04T07:47:04,012][INFO ][o.e.c.r.a.AllocationService] [ip-10-0-2-153.ap-northeast-2.compute.internal] Cluster health status changed from [YELLOW] to [GREEN] (reason: [shards started [[.ds-ilm-history-5-2022.02.04-000001][0]]]).
[2022-02-04T07:47:04,051][INFO ][o.e.i.g.DatabaseNodeService] [ip-10-0-2-153.ap-northeast-2.compute.internal] successfully reloaded changed geoip database file [/tmp/elasticsearch-8758803881838583492/geoip-databases/hFfMkQLvQkugzwC2vLmMlw/GeoLite2-City.mmdb]
[2022-02-04T07:47:04,060][INFO ][o.e.x.i.IndexLifecycleTransition] [ip-10-0-2-153.ap-northeast-2.compute.internal] moving index [.ds-ilm-history-5-2022.02.04-000001] from [{"phase":"new","action":"complete","name":"complete"}] to [{"phase":"hot","action":"unfollow","name":"branch-check-unfollow-prerequisites"}] in policy [ilm-history-ilm-policy]
[2022-02-04T07:47:04,114][INFO ][o.e.x.i.IndexLifecycleTransition] [ip-10-0-2-153.ap-northeast-2.compute.internal] moving index [.ds-ilm-history-5-2022.02.04-000001] from [{"phase":"hot","action":"unfollow","name":"branch-check-unfollow-prerequisites"}] to [{"phase":"hot","action":"rollover","name":"check-rollover-ready"}] in policy [ilm-history-ilm-policy]
[2022-02-04T07:50:58,484][INFO ][o.e.x.m.p.NativeController] [ip-10-0-2-153.ap-northeast-2.compute.internal] Native controller process has stopped - no new native processes can be started
[2022-02-04T07:50:58,485][INFO ][o.e.n.Node               ] [ip-10-0-2-153.ap-northeast-2.compute.internal] stopping ...
[2022-02-04T07:50:58,487][INFO ][o.e.x.w.WatcherService   ] [ip-10-0-2-153.ap-northeast-2.compute.internal] stopping watch service, reason [shutdown initiated]
[2022-02-04T07:50:58,488][INFO ][o.e.x.w.WatcherLifeCycleService] [ip-10-0-2-153.ap-northeast-2.compute.internal] watcher has stopped and shutdown
[2022-02-04T07:50:58,948][INFO ][o.e.n.Node               ] [ip-10-0-2-153.ap-northeast-2.compute.internal] stopped
[2022-02-04T07:50:58,949][INFO ][o.e.n.Node               ] [ip-10-0-2-153.ap-northeast-2.compute.internal] closing ...
[2022-02-04T07:50:58,967][INFO ][o.e.i.g.DatabaseReaderLazyLoader] [ip-10-0-2-153.ap-northeast-2.compute.internal] evicted [0] entries from cache after reloading database [/tmp/elasticsearch-8758803881838583492/geoip-databases/hFfMkQLvQkugzwC2vLmMlw/GeoLite2-Country.mmdb]
[2022-02-04T07:50:58,968][INFO ][o.e.i.g.DatabaseReaderLazyLoader] [ip-10-0-2-153.ap-northeast-2.compute.internal] evicted [0] entries from cache after reloading database [/tmp/elasticsearch-8758803881838583492/geoip-databases/hFfMkQLvQkugzwC2vLmMlw/GeoLite2-ASN.mmdb]
[2022-02-04T07:50:58,969][INFO ][o.e.i.g.DatabaseReaderLazyLoader] [ip-10-0-2-153.ap-northeast-2.compute.internal] evicted [0] entries from cache after reloading database [/tmp/elasticsearch-8758803881838583492/geoip-databases/hFfMkQLvQkugzwC2vLmMlw/GeoLite2-City.mmdb]
[2022-02-04T07:50:58,976][INFO ][o.e.n.Node               ] [ip-10-0-2-153.ap-northeast-2.compute.internal] closed
